{"name": "test_duck_search", "status": "failed", "statusDetails": {"message": "AssertionError: assert False", "trace": "driver = <selenium.webdriver.chrome.webdriver.WebDriver (session=\"4692b24b2e31c00d49b9d9cb3261a7fb\")>, base_url = 'https://duckduckgo.com'\n\n    def test_duck_search(driver, base_url):\n        page = DuckHomePage(driver)\n        page.open_home(base_url)\n        page.search(\"selenium python\")\n    \n        time.sleep(3)  # chỉ để bạn nhìn, sau này bỏ\n    \n        #assert \"duckduckgo\" in driver.title.lower()\n>       assert False\nE       assert False\n\nprojects/duckduckgo/tests/duck_test.py:12: AssertionError"}, "attachments": [{"name": "test_duck_search", "source": "5822b1cc-01d0-4239-ab7f-c9fea43753f2-attachment.png", "type": "image/png"}, {"name": "stderr", "source": "02ac5387-f722-415e-90c1-6ec4a7df05e9-attachment.txt", "type": "text/plain"}], "start": 1765425439548, "stop": 1765425443523, "uuid": "18feae96-9d92-4d08-acbf-81c3a520fc89", "historyId": "b917fc04b610a4acd116af73a99d6320", "testCaseId": "b917fc04b610a4acd116af73a99d6320", "fullName": "projects.duckduckgo.tests.duck_test#test_duck_search", "labels": [{"name": "parentSuite", "value": "projects.duckduckgo.tests"}, {"name": "suite", "value": "duck_test"}, {"name": "host", "value": "Nhus-MacBook-Pro.local"}, {"name": "thread", "value": "60812-MainThread"}, {"name": "framework", "value": "pytest"}, {"name": "language", "value": "cpython3"}, {"name": "package", "value": "projects.duckduckgo.tests.duck_test"}], "titlePath": ["projects", "duckduckgo", "tests", "duck_test.py"]}