{"name": "test_duck_search", "status": "failed", "statusDetails": {"message": "AssertionError: assert False", "trace": "driver = <selenium.webdriver.chrome.webdriver.WebDriver (session=\"f65cb5296b13905479531d9b1992ed3f\")>, base_url = 'https://duckduckgo.com'\n\n    def test_duck_search(driver, base_url):\n        page = DuckHomePage(driver)\n        page.open_home(base_url)\n        page.search(\"selenium python\")\n    \n        time.sleep(3)  # chỉ để bạn nhìn, sau này bỏ\n    \n        #assert \"duckduckgo\" in driver.title.lower()\n>       assert False\nE       assert False\n\nprojects/duckduckgo/tests/duck_test.py:12: AssertionError"}, "attachments": [{"name": "test_duck_search", "source": "d512618d-abe9-4ead-bf9b-0a4e21424ec5-attachment.png", "type": "image/png"}, {"name": "stderr", "source": "f77e1a3d-5c12-44ba-a802-56531d70504d-attachment.txt", "type": "text/plain"}], "start": 1765426657768, "stop": 1765426662282, "uuid": "12383b0d-29eb-4ca6-942b-36867be8d680", "historyId": "b917fc04b610a4acd116af73a99d6320", "testCaseId": "b917fc04b610a4acd116af73a99d6320", "fullName": "projects.duckduckgo.tests.duck_test#test_duck_search", "labels": [{"name": "parentSuite", "value": "projects.duckduckgo.tests"}, {"name": "suite", "value": "duck_test"}, {"name": "host", "value": "Nhus-MacBook-Pro.local"}, {"name": "thread", "value": "62368-MainThread"}, {"name": "framework", "value": "pytest"}, {"name": "language", "value": "cpython3"}, {"name": "package", "value": "projects.duckduckgo.tests.duck_test"}], "titlePath": ["projects", "duckduckgo", "tests", "duck_test.py"]}