{"name": "test_duck_search", "status": "failed", "statusDetails": {"message": "AssertionError: assert False", "trace": "driver = <selenium.webdriver.chrome.webdriver.WebDriver (session=\"9ba3873ad6dc2008223da4715ab7c56a\")>, base_url = 'https://duckduckgo.com'\n\n    def test_duck_search(driver, base_url):\n        page = DuckHomePage(driver)\n        page.open_home(base_url)\n        page.search(\"selenium python\")\n    \n        time.sleep(3)  # chỉ để bạn nhìn, sau này bỏ\n    \n        #assert \"duckduckgo\" in driver.title.lower()\n>       assert False\nE       assert False\n\nprojects/duckduckgo/tests/duck_test.py:12: AssertionError"}, "attachments": [{"name": "test_duck_search", "source": "8820b3b3-a209-4794-8a24-4b186b9d17a2-attachment.png", "type": "image/png"}, {"name": "stderr", "source": "8fe54713-c5b4-4bea-8c04-e95fb34a8c74-attachment.txt", "type": "text/plain"}], "start": 1765426676596, "stop": 1765426680335, "uuid": "bafe471f-f3dc-4c67-b96a-c37fab796c69", "historyId": "b917fc04b610a4acd116af73a99d6320", "testCaseId": "b917fc04b610a4acd116af73a99d6320", "fullName": "projects.duckduckgo.tests.duck_test#test_duck_search", "labels": [{"name": "parentSuite", "value": "projects.duckduckgo.tests"}, {"name": "suite", "value": "duck_test"}, {"name": "host", "value": "Nhus-MacBook-Pro.local"}, {"name": "thread", "value": "62637-MainThread"}, {"name": "framework", "value": "pytest"}, {"name": "language", "value": "cpython3"}, {"name": "package", "value": "projects.duckduckgo.tests.duck_test"}], "titlePath": ["projects", "duckduckgo", "tests", "duck_test.py"]}